Build started 31.05.2012 10:11:22.
     1>Project "D:\Work\CADET\Repository\cadet\trunk\projects\_2RealKinectWrapper_New\build\vc10\_2RealKinect.vcxproj" on node 2 (build target(s)).
     1>InitializeBuildStatus:
         Creating ".\obj\Release (OpenNI)\_2RealKinect.unsuccessfulbuild" because "AlwaysCreate" was specified.
       ClCompile:
         C:\Program Files (x86)\Microsoft Visual Studio 10.0\VC\bin\CL.exe /c /ID:\Work\CADET\Repository\cadet\trunk\projects\_2RealKinectWrapper_New\build\vc10\\..\..\include /ID:\Work\CADET\Repository\cadet\trunk\projects\_2RealKinectWrapper_New\build\vc10\\..\..\src /I"C:\Program Files (x86)\OpenNI\Include" /I"C:\Program Files\Microsoft SDKs\Kinect\v1.0\\inc" /ID:\Libraries\boost_1_48_0 /Zi /nologo /W3 /WX- /MP /O2 /Oi /Oy- /GL /D WIN32 /D NDEBUG /D _LIB /D _UNICODE /D UNICODE /Gm- /EHsc /MT /GS /Gy /fp:precise /Zc:wchar_t /Zc:forScope /Fo".\obj\Release (OpenNI)\\" /Fd".\obj\Release (OpenNI)\vc100.pdb" /Gd /TP /analyze- /errorReport:prompt ..\..\src\OpenNISpecific\OpenNIDevice.cpp
         OpenNIDevice.cpp
     1>..\..\src\OpenNISpecific\OpenNIDevice.cpp(434): warning C4244: 'initializing' : conversion from 'float' to 'unsigned int', possible loss of data
     1>..\..\src\OpenNISpecific\OpenNIDevice.cpp(443): warning C4244: 'initializing' : conversion from 'float' to 'unsigned int', possible loss of data
     1>..\..\src\OpenNISpecific\OpenNIDevice.cpp(464): warning C4244: 'initializing' : conversion from 'float' to 'size_t', possible loss of data
       Lib:
         C:\Program Files (x86)\Microsoft Visual Studio 10.0\VC\bin\Lib.exe /OUT:"D:\Work\CADET\Repository\cadet\trunk\projects\_2RealKinectWrapper_New\build\vc10\\..\..\lib\_2RealKinectOpenNI.lib" /LIBPATH:D:\Work\CADET\Repository\cadet\trunk\projects\_2RealKinectWrapper_New\build\vc10\\..\..\lib /LIBPATH:"C:\Program Files (x86)\OpenNI\Lib" /LIBPATH:"C:\Program Files\Microsoft SDKs\Kinect\v1.0\\lib" /NOLOGO /LTCG ".\obj\Release (OpenNI)\OpenNIDevice.obj"
         ".\obj\Release (OpenNI)\WSDKDevice.obj"
         ".\obj\Release (OpenNI)\_2RealKinect.obj"
         ".\obj\Release (OpenNI)\_2RealLogger.obj"
         ".\obj\Release (OpenNI)\_2RealTrackedJoint.obj"
         ".\obj\Release (OpenNI)\_2RealTrackedUser.obj"
         ".\obj\Release (OpenNI)\_2RealTypes.obj"
         ".\obj\Release (OpenNI)\_2RealVector2f.obj"
         _2RealKinect.vcxproj -> D:\Work\CADET\Repository\cadet\trunk\projects\_2RealKinectWrapper_New\build\vc10\\..\..\lib\_2RealKinectOpenNI.lib
       FinalizeBuildStatus:
         Deleting file ".\obj\Release (OpenNI)\_2RealKinect.unsuccessfulbuild".
         Touching ".\obj\Release (OpenNI)\_2RealKinect.lastbuildstate".
     1>Done Building Project "D:\Work\CADET\Repository\cadet\trunk\projects\_2RealKinectWrapper_New\build\vc10\_2RealKinect.vcxproj" (build target(s)).

Build succeeded.

Time Elapsed 00:00:02.04
