Build started 22.05.2012 10:57:37.
     1>Project "D:\Work\CADET\Repository\cadet\trunk\projects\_2RealKinectWrapper_New\build\vc10\_2RealKinect.vcxproj" on node 2 (build target(s)).
     1>InitializeBuildStatus:
         Touching ".\obj\Release MTD (MS KINECT SDK)\_2RealKinect.unsuccessfulbuild".
       ClCompile:
         C:\Program Files (x86)\Microsoft Visual Studio 10.0\VC\bin\CL.exe /c /ID:\Work\CADET\Repository\cadet\trunk\projects\_2RealKinectWrapper_New\build\vc10\\..\..\include /ID:\Work\CADET\Repository\cadet\trunk\projects\_2RealKinectWrapper_New\build\vc10\\..\..\src /I"C:\Program Files (x86)\OpenNI\Include" /I"C:\Program Files\Microsoft SDKs\Kinect\v1.0\\inc" /ID:\Libraries\boost_1_48_0 /Zi /nologo /W3 /WX- /MP /O2 /Oi /Oy- /GL /D TARGET_MSKINECTSDK /D WIN32 /D NDEBUG /D _LIB /D _UNICODE /D UNICODE /Gm- /EHsc /MD /GS /Gy /fp:precise /Zc:wchar_t /Zc:forScope /Fo".\obj\Release MTD (MS KINECT SDK)\\" /Fd".\obj\Release MTD (MS KINECT SDK)\vc100.pdb" /Gd /TP /analyze- /errorReport:prompt ..\..\src\OpenNISpecific\OpenNIDevice.cpp ..\..\src\_2RealKinect.cpp
         OpenNIDevice.cpp
         _2RealKinect.cpp
     1>d:\work\cadet\repository\cadet\trunk\projects\_2realkinectwrapper_new\src\opennispecific\OpenNIDevice.h(21): error C2065: '_2RealTrackedUser' : undeclared identifier
     1>d:\work\cadet\repository\cadet\trunk\projects\_2realkinectwrapper_new\src\opennispecific\OpenNIDevice.h(21): error C3203: 'shared_ptr' : unspecialized class template can't be used as a template argument for template parameter '_Ty', expected a real type
     1>d:\work\cadet\repository\cadet\trunk\projects\_2realkinectwrapper_new\src\opennispecific\OpenNIDevice.h(21): error C2955: 'boost::shared_ptr' : use of class template requires template argument list
                 D:\Libraries\boost_1_48_0\boost/smart_ptr/shared_ptr.hpp(165) : see declaration of 'boost::shared_ptr'
     1>d:\work\cadet\repository\cadet\trunk\projects\_2realkinectwrapper_new\src\opennispecific\OpenNIDevice.h(55): error C2065: '_2RealTrackedUser' : undeclared identifier
     1>..\..\src\OpenNISpecific\OpenNIDevice.cpp(631): error C2514: '_2RealKinectWrapper::_2RealTrackedJoint' : class has no constructors
                 d:\work\cadet\repository\cadet\trunk\projects\_2realkinectwrapper_new\src\opennispecific\OpenNIDevice.h(22) : see declaration of '_2RealKinectWrapper::_2RealTrackedJoint'
     1>..\..\src\OpenNISpecific\OpenNIDevice.cpp(635): error C2065: '_2RealTrackedUser' : undeclared identifier
     1>..\..\src\OpenNISpecific\OpenNIDevice.cpp(641): error C2678: binary '->' : no operator found which takes a left-hand operand of type 'boost::shared_ptr' (or there is no acceptable conversion)
                 D:\Libraries\boost_1_48_0\boost/smart_ptr/shared_ptr.hpp(422): could be 'T *boost::shared_ptr<X>::operator ->(void) const'
                 while trying to match the argument list '(boost::shared_ptr)'
     1>..\..\src\OpenNISpecific\OpenNIDevice.cpp(641): error C2039: 'setJoint' : is not a member of 'boost::shared_ptr'
                 D:\Libraries\boost_1_48_0\boost/smart_ptr/shared_ptr.hpp(165) : see declaration of 'boost::shared_ptr'
     1>..\..\src\OpenNISpecific\OpenNIDevice.cpp(642): error C2678: binary '->' : no operator found which takes a left-hand operand of type 'boost::shared_ptr' (or there is no acceptable conversion)
                 D:\Libraries\boost_1_48_0\boost/smart_ptr/shared_ptr.hpp(422): could be 'T *boost::shared_ptr<X>::operator ->(void) const'
                 while trying to match the argument list '(boost::shared_ptr)'
     1>..\..\src\OpenNISpecific\OpenNIDevice.cpp(642): error C2039: 'setJoint' : is not a member of 'boost::shared_ptr'
                 D:\Libraries\boost_1_48_0\boost/smart_ptr/shared_ptr.hpp(165) : see declaration of 'boost::shared_ptr'
     1>..\..\src\OpenNISpecific\OpenNIDevice.cpp(643): error C2678: binary '->' : no operator found which takes a left-hand operand of type 'boost::shared_ptr' (or there is no acceptable conversion)
                 D:\Libraries\boost_1_48_0\boost/smart_ptr/shared_ptr.hpp(422): could be 'T *boost::shared_ptr<X>::operator ->(void) const'
                 while trying to match the argument list '(boost::shared_ptr)'
     1>..\..\src\OpenNISpecific\OpenNIDevice.cpp(643): error C2039: 'setJoint' : is not a member of 'boost::shared_ptr'
                 D:\Libraries\boost_1_48_0\boost/smart_ptr/shared_ptr.hpp(165) : see declaration of 'boost::shared_ptr'
     1>..\..\src\OpenNISpecific\OpenNIDevice.cpp(644): error C2678: binary '->' : no operator found which takes a left-hand operand of type 'boost::shared_ptr' (or there is no acceptable conversion)
                 D:\Libraries\boost_1_48_0\boost/smart_ptr/shared_ptr.hpp(422): could be 'T *boost::shared_ptr<X>::operator ->(void) const'
                 while trying to match the argument list '(boost::shared_ptr)'
     1>..\..\src\OpenNISpecific\OpenNIDevice.cpp(644): error C2039: 'setJoint' : is not a member of 'boost::shared_ptr'
                 D:\Libraries\boost_1_48_0\boost/smart_ptr/shared_ptr.hpp(165) : see declaration of 'boost::shared_ptr'
     1>..\..\src\OpenNISpecific\OpenNIDevice.cpp(646): error C2678: binary '->' : no operator found which takes a left-hand operand of type 'boost::shared_ptr' (or there is no acceptable conversion)
                 D:\Libraries\boost_1_48_0\boost/smart_ptr/shared_ptr.hpp(422): could be 'T *boost::shared_ptr<X>::operator ->(void) const'
                 while trying to match the argument list '(boost::shared_ptr)'
     1>..\..\src\OpenNISpecific\OpenNIDevice.cpp(646): error C2039: 'setJoint' : is not a member of 'boost::shared_ptr'
                 D:\Libraries\boost_1_48_0\boost/smart_ptr/shared_ptr.hpp(165) : see declaration of 'boost::shared_ptr'
     1>..\..\src\OpenNISpecific\OpenNIDevice.cpp(647): error C2678: binary '->' : no operator found which takes a left-hand operand of type 'boost::shared_ptr' (or there is no acceptable conversion)
                 D:\Libraries\boost_1_48_0\boost/smart_ptr/shared_ptr.hpp(422): could be 'T *boost::shared_ptr<X>::operator ->(void) const'
                 while trying to match the argument list '(boost::shared_ptr)'
     1>..\..\src\OpenNISpecific\OpenNIDevice.cpp(647): error C2039: 'setJoint' : is not a member of 'boost::shared_ptr'
                 D:\Libraries\boost_1_48_0\boost/smart_ptr/shared_ptr.hpp(165) : see declaration of 'boost::shared_ptr'
     1>..\..\src\OpenNISpecific\OpenNIDevice.cpp(648): error C2678: binary '->' : no operator found which takes a left-hand operand of type 'boost::shared_ptr' (or there is no acceptable conversion)
                 D:\Libraries\boost_1_48_0\boost/smart_ptr/shared_ptr.hpp(422): could be 'T *boost::shared_ptr<X>::operator ->(void) const'
                 while trying to match the argument list '(boost::shared_ptr)'
     1>..\..\src\OpenNISpecific\OpenNIDevice.cpp(648): error C2039: 'setJoint' : is not a member of 'boost::shared_ptr'
                 D:\Libraries\boost_1_48_0\boost/smart_ptr/shared_ptr.hpp(165) : see declaration of 'boost::shared_ptr'
     1>..\..\src\OpenNISpecific\OpenNIDevice.cpp(649): error C2678: binary '->' : no operator found which takes a left-hand operand of type 'boost::shared_ptr' (or there is no acceptable conversion)
                 D:\Libraries\boost_1_48_0\boost/smart_ptr/shared_ptr.hpp(422): could be 'T *boost::shared_ptr<X>::operator ->(void) const'
                 while trying to match the argument list '(boost::shared_ptr)'
     1>..\..\src\OpenNISpecific\OpenNIDevice.cpp(649): error C2039: 'setJoint' : is not a member of 'boost::shared_ptr'
                 D:\Libraries\boost_1_48_0\boost/smart_ptr/shared_ptr.hpp(165) : see declaration of 'boost::shared_ptr'
     1>..\..\src\OpenNISpecific\OpenNIDevice.cpp(650): error C2678: binary '->' : no operator found which takes a left-hand operand of type 'boost::shared_ptr' (or there is no acceptable conversion)
                 D:\Libraries\boost_1_48_0\boost/smart_ptr/shared_ptr.hpp(422): could be 'T *boost::shared_ptr<X>::operator ->(void) const'
                 while trying to match the argument list '(boost::shared_ptr)'
     1>..\..\src\OpenNISpecific\OpenNIDevice.cpp(650): error C2039: 'setJoint' : is not a member of 'boost::shared_ptr'
                 D:\Libraries\boost_1_48_0\boost/smart_ptr/shared_ptr.hpp(165) : see declaration of 'boost::shared_ptr'
     1>..\..\src\OpenNISpecific\OpenNIDevice.cpp(651): error C2678: binary '->' : no operator found which takes a left-hand operand of type 'boost::shared_ptr' (or there is no acceptable conversion)
                 D:\Libraries\boost_1_48_0\boost/smart_ptr/shared_ptr.hpp(422): could be 'T *boost::shared_ptr<X>::operator ->(void) const'
                 while trying to match the argument list '(boost::shared_ptr)'
     1>..\..\src\OpenNISpecific\OpenNIDevice.cpp(651): error C2039: 'setJoint' : is not a member of 'boost::shared_ptr'
                 D:\Libraries\boost_1_48_0\boost/smart_ptr/shared_ptr.hpp(165) : see declaration of 'boost::shared_ptr'
     1>..\..\src\OpenNISpecific\OpenNIDevice.cpp(653): error C2678: binary '->' : no operator found which takes a left-hand operand of type 'boost::shared_ptr' (or there is no acceptable conversion)
                 D:\Libraries\boost_1_48_0\boost/smart_ptr/shared_ptr.hpp(422): could be 'T *boost::shared_ptr<X>::operator ->(void) const'
                 while trying to match the argument list '(boost::shared_ptr)'
     1>..\..\src\OpenNISpecific\OpenNIDevice.cpp(653): error C2039: 'setJoint' : is not a member of 'boost::shared_ptr'
                 D:\Libraries\boost_1_48_0\boost/smart_ptr/shared_ptr.hpp(165) : see declaration of 'boost::shared_ptr'
     1>..\..\src\OpenNISpecific\OpenNIDevice.cpp(654): error C2678: binary '->' : no operator found which takes a left-hand operand of type 'boost::shared_ptr' (or there is no acceptable conversion)
                 D:\Libraries\boost_1_48_0\boost/smart_ptr/shared_ptr.hpp(422): could be 'T *boost::shared_ptr<X>::operator ->(void) const'
                 while trying to match the argument list '(boost::shared_ptr)'
     1>..\..\src\OpenNISpecific\OpenNIDevice.cpp(654): error C2039: 'setJoint' : is not a member of 'boost::shared_ptr'
                 D:\Libraries\boost_1_48_0\boost/smart_ptr/shared_ptr.hpp(165) : see declaration of 'boost::shared_ptr'
     1>..\..\src\OpenNISpecific\OpenNIDevice.cpp(655): error C2678: binary '->' : no operator found which takes a left-hand operand of type 'boost::shared_ptr' (or there is no acceptable conversion)
                 D:\Libraries\boost_1_48_0\boost/smart_ptr/shared_ptr.hpp(422): could be 'T *boost::shared_ptr<X>::operator ->(void) const'
                 while trying to match the argument list '(boost::shared_ptr)'
     1>..\..\src\OpenNISpecific\OpenNIDevice.cpp(655): error C2039: 'setJoint' : is not a member of 'boost::shared_ptr'
                 D:\Libraries\boost_1_48_0\boost/smart_ptr/shared_ptr.hpp(165) : see declaration of 'boost::shared_ptr'
     1>..\..\src\OpenNISpecific\OpenNIDevice.cpp(656): error C2678: binary '->' : no operator found which takes a left-hand operand of type 'boost::shared_ptr' (or there is no acceptable conversion)
                 D:\Libraries\boost_1_48_0\boost/smart_ptr/shared_ptr.hpp(422): could be 'T *boost::shared_ptr<X>::operator ->(void) const'
                 while trying to match the argument list '(boost::shared_ptr)'
     1>..\..\src\OpenNISpecific\OpenNIDevice.cpp(656): error C2039: 'setJoint' : is not a member of 'boost::shared_ptr'
                 D:\Libraries\boost_1_48_0\boost/smart_ptr/shared_ptr.hpp(165) : see declaration of 'boost::shared_ptr'
     1>..\..\src\OpenNISpecific\OpenNIDevice.cpp(657): error C2678: binary '->' : no operator found which takes a left-hand operand of type 'boost::shared_ptr' (or there is no acceptable conversion)
                 D:\Libraries\boost_1_48_0\boost/smart_ptr/shared_ptr.hpp(422): could be 'T *boost::shared_ptr<X>::operator ->(void) const'
                 while trying to match the argument list '(boost::shared_ptr)'
     1>..\..\src\OpenNISpecific\OpenNIDevice.cpp(657): error C2039: 'setJoint' : is not a member of 'boost::shared_ptr'
                 D:\Libraries\boost_1_48_0\boost/smart_ptr/shared_ptr.hpp(165) : see declaration of 'boost::shared_ptr'
     1>..\..\src\OpenNISpecific\OpenNIDevice.cpp(658): error C2678: binary '->' : no operator found which takes a left-hand operand of type 'boost::shared_ptr' (or there is no acceptable conversion)
                 D:\Libraries\boost_1_48_0\boost/smart_ptr/shared_ptr.hpp(422): could be 'T *boost::shared_ptr<X>::operator ->(void) const'
                 while trying to match the argument list '(boost::shared_ptr)'
     1>..\..\src\OpenNISpecific\OpenNIDevice.cpp(658): error C2039: 'setJoint' : is not a member of 'boost::shared_ptr'
                 D:\Libraries\boost_1_48_0\boost/smart_ptr/shared_ptr.hpp(165) : see declaration of 'boost::shared_ptr'
     1>..\..\src\OpenNISpecific\OpenNIDevice.cpp(660): error C2678: binary '->' : no operator found which takes a left-hand operand of type 'boost::shared_ptr' (or there is no acceptable conversion)
                 D:\Libraries\boost_1_48_0\boost/smart_ptr/shared_ptr.hpp(422): could be 'T *boost::shared_ptr<X>::operator ->(void) const'
                 while trying to match the argument list '(boost::shared_ptr)'
     1>..\..\src\OpenNISpecific\OpenNIDevice.cpp(660): error C2039: 'setJoint' : is not a member of 'boost::shared_ptr'
                 D:\Libraries\boost_1_48_0\boost/smart_ptr/shared_ptr.hpp(165) : see declaration of 'boost::shared_ptr'
     1>..\..\src\OpenNISpecific\OpenNIDevice.cpp(661): error C2678: binary '->' : no operator found which takes a left-hand operand of type 'boost::shared_ptr' (or there is no acceptable conversion)
                 D:\Libraries\boost_1_48_0\boost/smart_ptr/shared_ptr.hpp(422): could be 'T *boost::shared_ptr<X>::operator ->(void) const'
                 while trying to match the argument list '(boost::shared_ptr)'
     1>..\..\src\OpenNISpecific\OpenNIDevice.cpp(661): error C2039: 'setJoint' : is not a member of 'boost::shared_ptr'
                 D:\Libraries\boost_1_48_0\boost/smart_ptr/shared_ptr.hpp(165) : see declaration of 'boost::shared_ptr'
     1>..\..\src\OpenNISpecific\OpenNIDevice.cpp(662): error C2678: binary '->' : no operator found which takes a left-hand operand of type 'boost::shared_ptr' (or there is no acceptable conversion)
                 D:\Libraries\boost_1_48_0\boost/smart_ptr/shared_ptr.hpp(422): could be 'T *boost::shared_ptr<X>::operator ->(void) const'
                 while trying to match the argument list '(boost::shared_ptr)'
     1>..\..\src\OpenNISpecific\OpenNIDevice.cpp(662): error C2039: 'setJoint' : is not a member of 'boost::shared_ptr'
                 D:\Libraries\boost_1_48_0\boost/smart_ptr/shared_ptr.hpp(165) : see declaration of 'boost::shared_ptr'
     1>..\..\src\OpenNISpecific\OpenNIDevice.cpp(663): error C2678: binary '->' : no operator found which takes a left-hand operand of type 'boost::shared_ptr' (or there is no acceptable conversion)
                 D:\Libraries\boost_1_48_0\boost/smart_ptr/shared_ptr.hpp(422): could be 'T *boost::shared_ptr<X>::operator ->(void) const'
                 while trying to match the argument list '(boost::shared_ptr)'
     1>..\..\src\OpenNISpecific\OpenNIDevice.cpp(663): error C2039: 'setJoint' : is not a member of 'boost::shared_ptr'
                 D:\Libraries\boost_1_48_0\boost/smart_ptr/shared_ptr.hpp(165) : see declaration of 'boost::shared_ptr'
     1>..\..\src\OpenNISpecific\OpenNIDevice.cpp(665): error C2678: binary '->' : no operator found which takes a left-hand operand of type 'boost::shared_ptr' (or there is no acceptable conversion)
                 D:\Libraries\boost_1_48_0\boost/smart_ptr/shared_ptr.hpp(422): could be 'T *boost::shared_ptr<X>::operator ->(void) const'
                 while trying to match the argument list '(boost::shared_ptr)'
     1>..\..\src\OpenNISpecific\OpenNIDevice.cpp(665): error C2039: 'setJoint' : is not a member of 'boost::shared_ptr'
                 D:\Libraries\boost_1_48_0\boost/smart_ptr/shared_ptr.hpp(165) : see declaration of 'boost::shared_ptr'
     1>..\..\src\OpenNISpecific\OpenNIDevice.cpp(666): error C2678: binary '->' : no operator found which takes a left-hand operand of type 'boost::shared_ptr' (or there is no acceptable conversion)
                 D:\Libraries\boost_1_48_0\boost/smart_ptr/shared_ptr.hpp(422): could be 'T *boost::shared_ptr<X>::operator ->(void) const'
                 while trying to match the argument list '(boost::shared_ptr)'
     1>..\..\src\OpenNISpecific\OpenNIDevice.cpp(666): error C2039: 'setJoint' : is not a member of 'boost::shared_ptr'
                 D:\Libraries\boost_1_48_0\boost/smart_ptr/shared_ptr.hpp(165) : see declaration of 'boost::shared_ptr'
     1>..\..\src\OpenNISpecific\OpenNIDevice.cpp(667): error C2678: binary '->' : no operator found which takes a left-hand operand of type 'boost::shared_ptr' (or there is no acceptable conversion)
                 D:\Libraries\boost_1_48_0\boost/smart_ptr/shared_ptr.hpp(422): could be 'T *boost::shared_ptr<X>::operator ->(void) const'
                 while trying to match the argument list '(boost::shared_ptr)'
     1>..\..\src\OpenNISpecific\OpenNIDevice.cpp(667): error C2039: 'setJoint' : is not a member of 'boost::shared_ptr'
                 D:\Libraries\boost_1_48_0\boost/smart_ptr/shared_ptr.hpp(165) : see declaration of 'boost::shared_ptr'
     1>..\..\src\OpenNISpecific\OpenNIDevice.cpp(668): error C2678: binary '->' : no operator found which takes a left-hand operand of type 'boost::shared_ptr' (or there is no acceptable conversion)
                 D:\Libraries\boost_1_48_0\boost/smart_ptr/shared_ptr.hpp(422): could be 'T *boost::shared_ptr<X>::operator ->(void) const'
                 while trying to match the argument list '(boost::shared_ptr)'
     1>..\..\src\OpenNISpecific\OpenNIDevice.cpp(668): error C2039: 'setJoint' : is not a member of 'boost::shared_ptr'
                 D:\Libraries\boost_1_48_0\boost/smart_ptr/shared_ptr.hpp(165) : see declaration of 'boost::shared_ptr'
     1>..\..\src\OpenNISpecific\OpenNIDevice.cpp(687): error C2065: '_2RealTrackedUser' : undeclared identifier
     1>..\..\src\OpenNISpecific\OpenNIDevice.cpp(687): error C2065: '_2RealTrackedUser' : undeclared identifier
     1>..\..\src\OpenNISpecific\OpenNIDevice.cpp(687): error C2955: 'boost::shared_ptr' : use of class template requires template argument list
                 D:\Libraries\boost_1_48_0\boost/smart_ptr/shared_ptr.hpp(165) : see declaration of 'boost::shared_ptr'
     1>..\..\src\OpenNISpecific\OpenNIDevice.cpp(687): fatal error C1903: unable to recover from previous error(s); stopping compilation
     1>..\..\src\_2RealKinect.cpp(43): error C2259: '_2RealKinectWrapper::_2RealImplementationWinSDK' : cannot instantiate abstract class
                 due to following members:
                 'void _2RealKinectWrapper::I_2RealImplementation::update(void)' : is abstract
                 d:\work\cadet\repository\cadet\trunk\projects\_2realkinectwrapper_new\src\I_2RealImplementation.h(47) : see declaration of '_2RealKinectWrapper::I_2RealImplementation::update'
                 'bool _2RealKinectWrapper::I_2RealImplementation::configureDevice(const uint32_t,uint32_t,uint32_t)' : is abstract
                 d:\work\cadet\repository\cadet\trunk\projects\_2realkinectwrapper_new\src\I_2RealImplementation.h(48) : see declaration of '_2RealKinectWrapper::I_2RealImplementation::configureDevice'
                 'void _2RealKinectWrapper::I_2RealImplementation::startGenerator(const uint32_t,uint32_t)' : is abstract
                 d:\work\cadet\repository\cadet\trunk\projects\_2realkinectwrapper_new\src\I_2RealImplementation.h(49) : see declaration of '_2RealKinectWrapper::I_2RealImplementation::startGenerator'
     1>Done Building Project "D:\Work\CADET\Repository\cadet\trunk\projects\_2RealKinectWrapper_New\build\vc10\_2RealKinect.vcxproj" (build target(s)) -- FAILED.

Build FAILED.

Time Elapsed 00:00:01.66
